<?xml version="1.0" encoding="UTF-8"?>
<coverage generated="1697763586552" clover="3.2.0">
  <project timestamp="1697763586552" name="All files">
    <metrics statements="44" coveredstatements="44" conditionals="22" coveredconditionals="19" methods="12" coveredmethods="12" elements="78" coveredelements="75" complexity="0" loc="44" ncloc="44" packages="3" files="4" classes="4"/>
    <package name="controllers">
      <metrics statements="32" coveredstatements="32" conditionals="4" coveredconditionals="4" methods="7" coveredmethods="7"/>
      <file name="PhoneController.ts" path="/home/fischer/Dev/SejaBestTeste/src/controllers/PhoneController.ts">
        <metrics statements="32" coveredstatements="32" conditionals="4" coveredconditionals="4" methods="7" coveredmethods="7"/>
        <line num="8" count="1" type="stmt"/>
        <line num="9" count="2" type="stmt"/>
        <line num="10" count="2" type="stmt"/>
        <line num="16" count="2" type="stmt"/>
        <line num="18" count="1" type="stmt"/>
        <line num="19" count="1" type="stmt"/>
        <line num="21" count="1" type="stmt"/>
        <line num="23" count="1" type="stmt"/>
        <line num="25" count="1" type="stmt"/>
        <line num="26" count="1" type="stmt"/>
        <line num="27" count="1" type="stmt"/>
        <line num="31" count="1" type="stmt"/>
        <line num="32" count="1" type="stmt"/>
        <line num="33" count="1" type="stmt"/>
        <line num="36" count="1" type="stmt"/>
        <line num="37" count="2" type="stmt"/>
        <line num="39" count="2" type="stmt"/>
        <line num="45" count="2" type="stmt"/>
        <line num="47" count="4" type="stmt"/>
        <line num="48" count="2" type="stmt"/>
        <line num="49" count="2" type="cond" truecount="2" falsecount="0"/>
        <line num="50" count="1" type="stmt"/>
        <line num="51" count="1" type="stmt"/>
        <line num="54" count="1" type="stmt"/>
        <line num="57" count="1" type="stmt"/>
        <line num="58" count="2" type="stmt"/>
        <line num="60" count="5" type="stmt"/>
        <line num="62" count="2" type="cond" truecount="2" falsecount="0"/>
        <line num="63" count="1" type="stmt"/>
        <line num="64" count="1" type="stmt"/>
        <line num="67" count="1" type="stmt"/>
        <line num="71" count="1" type="stmt"/>
      </file>
    </package>
    <package name="db">
      <metrics statements="1" coveredstatements="1" conditionals="0" coveredconditionals="0" methods="0" coveredmethods="0"/>
      <file name="phones.ts" path="/home/fischer/Dev/SejaBestTeste/src/db/phones.ts">
        <metrics statements="1" coveredstatements="1" conditionals="0" coveredconditionals="0" methods="0" coveredmethods="0"/>
        <line num="3" count="1" type="stmt"/>
      </file>
    </package>
    <package name="entities">
      <metrics statements="11" coveredstatements="11" conditionals="18" coveredconditionals="15" methods="5" coveredmethods="5"/>
      <file name="Person.ts" path="/home/fischer/Dev/SejaBestTeste/src/entities/Person.ts">
        <metrics statements="5" coveredstatements="5" conditionals="10" coveredconditionals="10" methods="2" coveredmethods="2"/>
        <line num="11" count="4" type="cond" truecount="2" falsecount="0"/>
        <line num="12" count="4" type="cond" truecount="2" falsecount="0"/>
        <line num="13" count="4" type="cond" truecount="2" falsecount="0"/>
        <line num="14" count="4" type="cond" truecount="2" falsecount="0"/>
        <line num="18" count="3" type="stmt"/>
      </file>
      <file name="Phone.ts" path="/home/fischer/Dev/SejaBestTeste/src/entities/Phone.ts">
        <metrics statements="6" coveredstatements="6" conditionals="8" coveredconditionals="5" methods="3" coveredmethods="3"/>
        <line num="10" count="7" type="cond" truecount="2" falsecount="0"/>
        <line num="11" count="7" type="cond" truecount="1" falsecount="1"/>
        <line num="12" count="7" type="cond" truecount="1" falsecount="1"/>
        <line num="13" count="7" type="cond" truecount="1" falsecount="1"/>
        <line num="17" count="27" type="stmt"/>
        <line num="26" count="27" type="stmt"/>
      </file>
    </package>
  </project>
</coverage>
