<?xml version="1.0" encoding="UTF-8"?>
<coverage generated="1697747462474" clover="3.2.0">
  <project timestamp="1697747462474" name="All files">
    <metrics statements="11" coveredstatements="11" conditionals="18" coveredconditionals="15" methods="5" coveredmethods="5" elements="34" coveredelements="31" complexity="0" loc="11" ncloc="11" packages="1" files="2" classes="2"/>
    <file name="Person.ts" path="/home/fischer/Dev/SejaBestTeste/src/entities/Person.ts">
      <metrics statements="5" coveredstatements="5" conditionals="10" coveredconditionals="10" methods="2" coveredmethods="2"/>
      <line num="11" count="4" type="cond" truecount="2" falsecount="0"/>
      <line num="12" count="4" type="cond" truecount="2" falsecount="0"/>
      <line num="13" count="4" type="cond" truecount="2" falsecount="0"/>
      <line num="14" count="4" type="cond" truecount="2" falsecount="0"/>
      <line num="18" count="3" type="stmt"/>
    </file>
    <file name="Phone.ts" path="/home/fischer/Dev/SejaBestTeste/src/entities/Phone.ts">
      <metrics statements="6" coveredstatements="6" conditionals="8" coveredconditionals="5" methods="3" coveredmethods="3"/>
      <line num="10" count="3" type="cond" truecount="2" falsecount="0"/>
      <line num="11" count="3" type="cond" truecount="1" falsecount="1"/>
      <line num="12" count="3" type="cond" truecount="1" falsecount="1"/>
      <line num="13" count="3" type="cond" truecount="1" falsecount="1"/>
      <line num="17" count="12" type="stmt"/>
      <line num="26" count="12" type="stmt"/>
    </file>
  </project>
</coverage>
