{"/home/fischer/Dev/SejaBestTeste/src/controllers/PhoneController.ts": {"path":"/home/fischer/Dev/SejaBestTeste/src/controllers/PhoneController.ts","statementMap":{"0":{"start":{"line":8,"column":16},"end":{"line":29,"column":3}},"1":{"start":{"line":9,"column":4},"end":{"line":28,"column":5}},"2":{"start":{"line":10,"column":25},"end":{"line":14,"column":8}},"3":{"start":{"line":16,"column":36},"end":{"line":16,"column":62}},"4":{"start":{"line":18,"column":23},"end":{"line":18,"column":34}},"5":{"start":{"line":19,"column":6},"end":{"line":19,"column":42}},"6":{"start":{"line":21,"column":6},"end":{"line":21,"column":27}},"7":{"start":{"line":23,"column":6},"end":{"line":23,"column":54}},"8":{"start":{"line":25,"column":20},"end":{"line":25,"column":33}},"9":{"start":{"line":26,"column":22},"end":{"line":26,"column":92}},"10":{"start":{"line":27,"column":6},"end":{"line":27,"column":42}},"11":{"start":{"line":31,"column":15},"end":{"line":34,"column":3}},"12":{"start":{"line":32,"column":17},"end":{"line":32,"column":48}},"13":{"start":{"line":32,"column":35},"end":{"line":32,"column":47}},"14":{"start":{"line":33,"column":4},"end":{"line":33,"column":37}},"15":{"start":{"line":36,"column":16},"end":{"line":55,"column":3}},"16":{"start":{"line":37,"column":19},"end":{"line":37,"column":29}},"17":{"start":{"line":39,"column":23},"end":{"line":43,"column":6}},"18":{"start":{"line":45,"column":34},"end":{"line":45,"column":60}},"19":{"start":{"line":47,"column":20},"end":{"line":47,"column":73}},"20":{"start":{"line":47,"column":44},"end":{"line":47,"column":72}},"21":{"start":{"line":49,"column":4},"end":{"line":52,"column":5}},"22":{"start":{"line":50,"column":6},"end":{"line":50,"column":49}},"23":{"start":{"line":51,"column":6},"end":{"line":51,"column":61}},"24":{"start":{"line":54,"column":4},"end":{"line":54,"column":50}},"25":{"start":{"line":57,"column":16},"end":{"line":68,"column":3}},"26":{"start":{"line":58,"column":19},"end":{"line":58,"column":29}},"27":{"start":{"line":60,"column":20},"end":{"line":60,"column":73}},"28":{"start":{"line":60,"column":44},"end":{"line":60,"column":72}},"29":{"start":{"line":62,"column":4},"end":{"line":65,"column":5}},"30":{"start":{"line":63,"column":6},"end":{"line":63,"column":31}},"31":{"start":{"line":64,"column":6},"end":{"line":64,"column":35}},"32":{"start":{"line":67,"column":4},"end":{"line":67,"column":50}},"33":{"start":{"line":71,"column":31},"end":{"line":71,"column":52}}},"fnMap":{"0":{"name":"(anonymous_0)","decl":{"start":{"line":8,"column":16},"end":{"line":8,"column":17}},"loc":{"start":{"line":8,"column":55},"end":{"line":29,"column":3}},"line":8},"1":{"name":"(anonymous_1)","decl":{"start":{"line":31,"column":15},"end":{"line":31,"column":16}},"loc":{"start":{"line":31,"column":54},"end":{"line":34,"column":3}},"line":31},"2":{"name":"(anonymous_2)","decl":{"start":{"line":32,"column":28},"end":{"line":32,"column":29}},"loc":{"start":{"line":32,"column":35},"end":{"line":32,"column":47}},"line":32},"3":{"name":"(anonymous_3)","decl":{"start":{"line":36,"column":16},"end":{"line":36,"column":17}},"loc":{"start":{"line":36,"column":55},"end":{"line":55,"column":3}},"line":36},"4":{"name":"(anonymous_4)","decl":{"start":{"line":47,"column":37},"end":{"line":47,"column":38}},"loc":{"start":{"line":47,"column":44},"end":{"line":47,"column":72}},"line":47},"5":{"name":"(anonymous_5)","decl":{"start":{"line":57,"column":16},"end":{"line":57,"column":17}},"loc":{"start":{"line":57,"column":55},"end":{"line":68,"column":3}},"line":57},"6":{"name":"(anonymous_6)","decl":{"start":{"line":60,"column":37},"end":{"line":60,"column":38}},"loc":{"start":{"line":60,"column":44},"end":{"line":60,"column":72}},"line":60}},"branchMap":{"0":{"loc":{"start":{"line":49,"column":4},"end":{"line":52,"column":5}},"type":"if","locations":[{"start":{"line":49,"column":4},"end":{"line":52,"column":5}},{"start":{},"end":{}}],"line":49},"1":{"loc":{"start":{"line":62,"column":4},"end":{"line":65,"column":5}},"type":"if","locations":[{"start":{"line":62,"column":4},"end":{"line":65,"column":5}},{"start":{},"end":{}}],"line":62}},"s":{"0":1,"1":2,"2":2,"3":2,"4":1,"5":1,"6":1,"7":1,"8":1,"9":1,"10":1,"11":1,"12":1,"13":1,"14":1,"15":1,"16":2,"17":2,"18":2,"19":2,"20":4,"21":2,"22":1,"23":1,"24":1,"25":1,"26":2,"27":2,"28":5,"29":2,"30":1,"31":1,"32":1,"33":1},"f":{"0":2,"1":1,"2":1,"3":2,"4":4,"5":2,"6":5},"b":{"0":[1,1],"1":[1,1]},"_coverageSchema":"1a1c01bbd47fc00a2c39e90264f33305004495a9","hash":"27ff1347c986f41f0941a287c1d21ee97871dc10"}
,"/home/fischer/Dev/SejaBestTeste/src/db/phones.ts": {"path":"/home/fischer/Dev/SejaBestTeste/src/db/phones.ts","statementMap":{"0":{"start":{"line":3,"column":31},"end":{"line":3,"column":33}}},"fnMap":{},"branchMap":{},"s":{"0":1},"f":{},"b":{},"_coverageSchema":"1a1c01bbd47fc00a2c39e90264f33305004495a9","hash":"1974e6d95272692ad1b2e50513590ab984a572a9"}
,"/home/fischer/Dev/SejaBestTeste/src/entities/Person.ts": {"path":"/home/fischer/Dev/SejaBestTeste/src/entities/Person.ts","statementMap":{"0":{"start":{"line":11,"column":4},"end":{"line":11,"column":39}},"1":{"start":{"line":12,"column":4},"end":{"line":12,"column":35}},"2":{"start":{"line":13,"column":4},"end":{"line":13,"column":44}},"3":{"start":{"line":14,"column":4},"end":{"line":14,"column":38}},"4":{"start":{"line":18,"column":4},"end":{"line":23,"column":5}}},"fnMap":{"0":{"name":"(anonymous_0)","decl":{"start":{"line":10,"column":2},"end":{"line":10,"column":3}},"loc":{"start":{"line":10,"column":64},"end":{"line":15,"column":3}},"line":10},"1":{"name":"(anonymous_1)","decl":{"start":{"line":17,"column":2},"end":{"line":17,"column":3}},"loc":{"start":{"line":17,"column":14},"end":{"line":24,"column":3}},"line":17}},"branchMap":{"0":{"loc":{"start":{"line":11,"column":15},"end":{"line":11,"column":39}},"type":"binary-expr","locations":[{"start":{"line":11,"column":15},"end":{"line":11,"column":23}},{"start":{"line":11,"column":27},"end":{"line":11,"column":39}}],"line":11},"1":{"loc":{"start":{"line":12,"column":17},"end":{"line":12,"column":35}},"type":"binary-expr","locations":[{"start":{"line":12,"column":17},"end":{"line":12,"column":21}},{"start":{"line":12,"column":25},"end":{"line":12,"column":35}}],"line":12},"2":{"loc":{"start":{"line":13,"column":20},"end":{"line":13,"column":44}},"type":"binary-expr","locations":[{"start":{"line":13,"column":20},"end":{"line":13,"column":27}},{"start":{"line":13,"column":31},"end":{"line":13,"column":44}}],"line":13},"3":{"loc":{"start":{"line":14,"column":18},"end":{"line":14,"column":38}},"type":"binary-expr","locations":[{"start":{"line":14,"column":18},"end":{"line":14,"column":23}},{"start":{"line":14,"column":27},"end":{"line":14,"column":38}}],"line":14},"4":{"loc":{"start":{"line":22,"column":13},"end":{"line":22,"column":56}},"type":"cond-expr","locations":[{"start":{"line":22,"column":27},"end":{"line":22,"column":49}},{"start":{"line":22,"column":52},"end":{"line":22,"column":56}}],"line":22}},"s":{"0":4,"1":4,"2":4,"3":4,"4":3},"f":{"0":4,"1":3},"b":{"0":[4,3],"1":[4,1],"2":[4,1],"3":[4,2],"4":[2,1]},"_coverageSchema":"1a1c01bbd47fc00a2c39e90264f33305004495a9","hash":"a480d95f8681b6c7d412266e2eb30467f1498b62"}
,"/home/fischer/Dev/SejaBestTeste/src/entities/Phone.ts": {"path":"/home/fischer/Dev/SejaBestTeste/src/entities/Phone.ts","statementMap":{"0":{"start":{"line":10,"column":4},"end":{"line":10,"column":39}},"1":{"start":{"line":11,"column":4},"end":{"line":11,"column":35}},"2":{"start":{"line":12,"column":4},"end":{"line":12,"column":41}},"3":{"start":{"line":13,"column":4},"end":{"line":13,"column":32}},"4":{"start":{"line":17,"column":4},"end":{"line":30,"column":5}},"5":{"start":{"line":23,"column":8},"end":{"line":28,"column":9}},"6":{"start":{"line":34,"column":4},"end":{"line":34,"column":29}}},"fnMap":{"0":{"name":"(anonymous_0)","decl":{"start":{"line":9,"column":2},"end":{"line":9,"column":3}},"loc":{"start":{"line":9,"column":55},"end":{"line":14,"column":3}},"line":9},"1":{"name":"(anonymous_1)","decl":{"start":{"line":16,"column":2},"end":{"line":16,"column":3}},"loc":{"start":{"line":16,"column":13},"end":{"line":31,"column":3}},"line":16},"2":{"name":"(anonymous_2)","decl":{"start":{"line":22,"column":16},"end":{"line":22,"column":17}},"loc":{"start":{"line":22,"column":28},"end":{"line":29,"column":7}},"line":22},"3":{"name":"(anonymous_3)","decl":{"start":{"line":33,"column":2},"end":{"line":33,"column":3}},"loc":{"start":{"line":33,"column":10},"end":{"line":35,"column":3}},"line":33}},"branchMap":{"0":{"loc":{"start":{"line":10,"column":15},"end":{"line":10,"column":39}},"type":"binary-expr","locations":[{"start":{"line":10,"column":15},"end":{"line":10,"column":23}},{"start":{"line":10,"column":27},"end":{"line":10,"column":39}}],"line":10},"1":{"loc":{"start":{"line":11,"column":17},"end":{"line":11,"column":35}},"type":"binary-expr","locations":[{"start":{"line":11,"column":17},"end":{"line":11,"column":21}},{"start":{"line":11,"column":25},"end":{"line":11,"column":35}}],"line":11},"2":{"loc":{"start":{"line":12,"column":19},"end":{"line":12,"column":41}},"type":"binary-expr","locations":[{"start":{"line":12,"column":19},"end":{"line":12,"column":25}},{"start":{"line":12,"column":29},"end":{"line":12,"column":41}}],"line":12},"3":{"loc":{"start":{"line":13,"column":16},"end":{"line":13,"column":32}},"type":"binary-expr","locations":[{"start":{"line":13,"column":16},"end":{"line":13,"column":19}},{"start":{"line":13,"column":23},"end":{"line":13,"column":32}}],"line":13}},"s":{"0":7,"1":7,"2":7,"3":7,"4":26,"5":0,"6":26},"f":{"0":7,"1":26,"2":0,"3":26},"b":{"0":[7,6],"1":[7,0],"2":[7,0],"3":[7,0]},"_coverageSchema":"1a1c01bbd47fc00a2c39e90264f33305004495a9","hash":"74d67bf6a68516116f373eb9dde485e7f7889c4f"}
}
