TN:
SF:src/entities/Person.ts
FN:10,(anonymous_0)
FN:17,(anonymous_1)
FNF:2
FNH:2
FNDA:4,(anonymous_0)
FNDA:3,(anonymous_1)
DA:11,4
DA:12,4
DA:13,4
DA:14,4
DA:18,3
LF:5
LH:5
BRDA:11,0,0,4
BRDA:11,0,1,3
BRDA:12,1,0,4
BRDA:12,1,1,1
BRDA:13,2,0,4
BRDA:13,2,1,1
BRDA:14,3,0,4
BRDA:14,3,1,2
BRDA:22,4,0,2
BRDA:22,4,1,1
BRF:10
BRH:10
end_of_record
TN:
SF:src/entities/Phone.ts
FN:9,(anonymous_0)
FN:16,(anonymous_1)
FN:25,(anonymous_2)
FNF:3
FNH:3
FNDA:3,(anonymous_0)
FNDA:12,(anonymous_1)
FNDA:12,(anonymous_2)
DA:10,3
DA:11,3
DA:12,3
DA:13,3
DA:17,12
DA:26,12
LF:6
LH:6
BRDA:10,0,0,3
BRDA:10,0,1,3
BRDA:11,1,0,3
BRDA:11,1,1,0
BRDA:12,2,0,3
BRDA:12,2,1,0
BRDA:13,3,0,3
BRDA:13,3,1,0
BRF:8
BRH:5
end_of_record
