TN:
SF:src/controllers/PhoneController.ts
FN:8,(anonymous_0)
FN:31,(anonymous_1)
FN:32,(anonymous_2)
FN:36,(anonymous_3)
FN:47,(anonymous_4)
FN:57,(anonymous_5)
FN:60,(anonymous_6)
FNF:7
FNH:7
FNDA:2,(anonymous_0)
FNDA:1,(anonymous_1)
FNDA:1,(anonymous_2)
FNDA:2,(anonymous_3)
FNDA:4,(anonymous_4)
FNDA:2,(anonymous_5)
FNDA:5,(anonymous_6)
DA:8,1
DA:9,2
DA:10,2
DA:16,2
DA:18,1
DA:19,1
DA:21,1
DA:23,1
DA:25,1
DA:26,1
DA:27,1
DA:31,1
DA:32,1
DA:33,1
DA:36,1
DA:37,2
DA:39,2
DA:45,2
DA:47,4
DA:49,2
DA:50,1
DA:51,1
DA:54,1
DA:57,1
DA:58,2
DA:60,5
DA:62,2
DA:63,1
DA:64,1
DA:67,1
DA:71,1
LF:31
LH:31
BRDA:49,0,0,1
BRDA:49,0,1,1
BRDA:62,1,0,1
BRDA:62,1,1,1
BRF:4
BRH:4
end_of_record
TN:
SF:src/db/phones.ts
FNF:0
FNH:0
DA:3,1
LF:1
LH:1
BRF:0
BRH:0
end_of_record
TN:
SF:src/entities/Person.ts
FN:10,(anonymous_0)
FN:17,(anonymous_1)
FNF:2
FNH:2
FNDA:4,(anonymous_0)
FNDA:3,(anonymous_1)
DA:11,4
DA:12,4
DA:13,4
DA:14,4
DA:18,3
LF:5
LH:5
BRDA:11,0,0,4
BRDA:11,0,1,3
BRDA:12,1,0,4
BRDA:12,1,1,1
BRDA:13,2,0,4
BRDA:13,2,1,1
BRDA:14,3,0,4
BRDA:14,3,1,2
BRDA:22,4,0,2
BRDA:22,4,1,1
BRF:10
BRH:10
end_of_record
TN:
SF:src/entities/Phone.ts
FN:9,(anonymous_0)
FN:16,(anonymous_1)
FN:22,(anonymous_2)
FN:33,(anonymous_3)
FNF:4
FNH:3
FNDA:7,(anonymous_0)
FNDA:26,(anonymous_1)
FNDA:0,(anonymous_2)
FNDA:26,(anonymous_3)
DA:10,7
DA:11,7
DA:12,7
DA:13,7
DA:17,26
DA:23,0
DA:34,26
LF:7
LH:6
BRDA:10,0,0,7
BRDA:10,0,1,6
BRDA:11,1,0,7
BRDA:11,1,1,0
BRDA:12,2,0,7
BRDA:12,2,1,0
BRDA:13,3,0,7
BRDA:13,3,1,0
BRF:8
BRH:5
end_of_record
